{"/Users/abc/Desktop/veggieavocado/soul.js":{"path":"/Users/abc/Desktop/veggieavocado/soul.js","s":{"1":1,"2":1,"3":1,"4":1,"5":1,"6":1,"7":1,"8":1,"9":1,"10":1,"11":1,"12":2,"13":1,"14":1,"15":1,"16":1,"17":0,"18":0,"19":0,"20":0,"21":0,"22":0,"23":0,"24":0,"25":1,"26":1,"27":1,"28":1,"29":1,"30":1,"31":1,"32":1,"33":1,"34":0,"35":0,"36":1},"b":{"1":[0,0]},"f":{},"fnMap":{},"statementMap":{"1":{"start":{"line":2,"column":0},"end":{"line":2,"column":35}},"2":{"start":{"line":3,"column":0},"end":{"line":3,"column":31}},"3":{"start":{"line":5,"column":0},"end":{"line":5,"column":22}},"4":{"start":{"line":7,"column":0},"end":{"line":7,"column":42}},"5":{"start":{"line":14,"column":0},"end":{"line":14,"column":51}},"6":{"start":{"line":15,"column":0},"end":{"line":15,"column":27}},"7":{"start":{"line":18,"column":0},"end":{"line":18,"column":48}},"8":{"start":{"line":19,"column":0},"end":{"line":19,"column":82}},"9":{"start":{"line":35,"column":0},"end":{"line":37,"column":3}},"10":{"start":{"line":36,"column":2},"end":{"line":36,"column":50}},"11":{"start":{"line":39,"column":0},"end":{"line":42,"column":2}},"12":{"start":{"line":40,"column":2},"end":{"line":40,"column":17}},"13":{"start":{"line":44,"column":0},"end":{"line":47,"column":3}},"14":{"start":{"line":45,"column":2},"end":{"line":45,"column":18}},"15":{"start":{"line":46,"column":2},"end":{"line":46,"column":31}},"16":{"start":{"line":50,"column":0},"end":{"line":65,"column":3}},"17":{"start":{"line":53,"column":2},"end":{"line":53,"column":30}},"18":{"start":{"line":54,"column":2},"end":{"line":54,"column":36}},"19":{"start":{"line":55,"column":2},"end":{"line":55,"column":38}},"20":{"start":{"line":57,"column":2},"end":{"line":64,"column":5}},"21":{"start":{"line":58,"column":4},"end":{"line":61,"column":5}},"22":{"start":{"line":59,"column":6},"end":{"line":59,"column":25}},"23":{"start":{"line":60,"column":6},"end":{"line":60,"column":30}},"24":{"start":{"line":63,"column":4},"end":{"line":63,"column":28}},"25":{"start":{"line":70,"column":0},"end":{"line":70,"column":42}},"26":{"start":{"line":71,"column":0},"end":{"line":71,"column":27}},"27":{"start":{"line":74,"column":0},"end":{"line":91,"column":3}},"28":{"start":{"line":75,"column":2},"end":{"line":75,"column":43}},"29":{"start":{"line":77,"column":2},"end":{"line":77,"column":61}},"30":{"start":{"line":78,"column":2},"end":{"line":90,"column":7}},"31":{"start":{"line":80,"column":6},"end":{"line":80,"column":39}},"32":{"start":{"line":81,"column":6},"end":{"line":81,"column":22}},"33":{"start":{"line":84,"column":6},"end":{"line":84,"column":37}},"34":{"start":{"line":88,"column":6},"end":{"line":88,"column":22}},"35":{"start":{"line":89,"column":6},"end":{"line":89,"column":58}},"36":{"start":{"line":197,"column":0},"end":{"line":200,"column":2}}},"branchMap":{"1":{"line":58,"type":"if","locations":[{"start":{"line":58,"column":4},"end":{"line":58,"column":4}},{"start":{"line":58,"column":4},"end":{"line":58,"column":4}}]}}}}