{"/Users/abc/Desktop/veggieavocado/js-src/mhTest.js":{"path":"/Users/abc/Desktop/veggieavocado/js-src/mhTest.js","s":{"1":1,"2":1,"3":1,"4":1,"5":1},"b":{},"f":{},"fnMap":{},"statementMap":{"1":{"start":{"line":1,"column":0},"end":{"line":1,"column":26}},"2":{"start":{"line":2,"column":0},"end":{"line":2,"column":21}},"3":{"start":{"line":4,"column":0},"end":{"line":6,"column":1}},"4":{"start":{"line":5,"column":2},"end":{"line":5,"column":28}},"5":{"start":{"line":8,"column":0},"end":{"line":10,"column":1}}},"branchMap":{}}}